<?xml version="1.0" encoding="UTF-8"?>
<!-- Generated by org.testng.reporters.JUnitXMLReporter -->
<testsuite hostname="9V3F403" ignored="0" name="Test" tests="5" failures="1" timestamp="2022-02-06T19:03:30 IST" time="22.701" errors="0">
  <testcase name="Navigation" time="3.279" classname="Academy.E2EProject1.ValidateTitle">
    <failure type="java.lang.AssertionError" message="expected:&amp;lt;FEATURED COURSES&amp;gt; but was:&amp;lt;FEATURED 123COURSES&amp;gt;">
      <![CDATA[java.lang.AssertionError: expected:<FEATURED COURSES> but was:<FEATURED 123COURSES>
at Academy.E2EProject1.ValidateTitle.Navigation(ValidateTitle.java:47)
at java.util.ArrayList.forEach(ArrayList.java:1257)
... Removed 29 stack frames]]>
    </failure>
  </testcase> <!-- Navigation -->
  <testcase name="Navigation" time="4.968" classname="Academy.E2EProject1.ValidationBar"/>
  <testcase name="shouldAnswerWithTrueTest" time="0.001" classname="Academy.E2EProject1.AppTest1"/>
  <testcase name="Navigation" time="5.426" classname="Academy.E2EProject1.HomepageTest"/>
  <testcase name="Navigation" time="2.711" classname="Academy.E2EProject1.HomepageTest"/>
</testsuite> <!-- Test -->
