<?xml version="1.0" encoding="UTF-8"?>
<!-- Generated by org.testng.reporters.JUnitXMLReporter -->
<testsuite hostname="9V3F403" ignored="0" name="Validating title in the page1" tests="2" failures="1" timestamp="2022-02-09T10:10:17 IST" time="0.006" errors="0">
  <testcase name="shouldAnswerWithTrueTest" time="0.002" classname="Academy.E2EProject1.AppTest1"/>
  <testcase name="shouldAnswerWithTrueTest" time="0.003" classname="Academy.E2EProject1.AppTest1">
    <failure type="java.lang.NullPointerException">
      <![CDATA[java.lang.NullPointerException
at Resources.Base.getScreenShotPath(Base.java:66)
at Academy.E2EProject1.Listeners.onTestSuccess(Listeners.java:51)
at java.util.ArrayList.forEach(ArrayList.java:1257)
... Removed 24 stack frames]]>
    </failure>
  </testcase> <!-- shouldAnswerWithTrueTest -->
</testsuite> <!-- Validating title in the page1 -->
