<?xml version="1.0" encoding="UTF-8"?>
<!-- Generated by org.testng.reporters.JUnitXMLReporter -->
<testsuite hostname="9V3F403" ignored="0" name="Validating User Login" tests="1" failures="1" timestamp="2022-02-14T23:49:21 IST" time="6.377" errors="0">
  <testcase name="Validationtitle" time="3.448" classname="Academy.E2EProject1.ValidateTitle">
    <failure type="java.lang.AssertionError" message="expected:&amp;lt;FEATURED COURSES&amp;gt; but was:&amp;lt;FEATURED 1COURSES&amp;gt;">
      <![CDATA[java.lang.AssertionError: expected:<FEATURED COURSES> but was:<FEATURED 1COURSES>
at Academy.E2EProject1.ValidateTitle.Validationtitle(ValidateTitle.java:47)
at java.util.ArrayList.forEach(ArrayList.java:1257)
... Removed 29 stack frames]]>
    </failure>
  </testcase> <!-- Validationtitle -->
</testsuite> <!-- Validating User Login -->
